2023-03-22 20:50:06.604  INFO 26340 --- [restartedMain] c.z.m.MyspringbootApplication            : Starting MyspringbootApplication using Java 1.8.0_341 on 唐龙的笔记本 with PID 26340 (E:\TangLong\桌面\近期\spring\myspringboot\target\classes started by 唐龙 in E:\TangLong\桌面\近期\spring\myspringboot)
2023-03-22 20:50:06.605  INFO 26340 --- [restartedMain] c.z.m.MyspringbootApplication            : No active profile set, falling back to 1 default profile: "default"
2023-03-22 20:50:06.636  INFO 26340 --- [restartedMain] .e.DevToolsPropertyDefaultsPostProcessor : Devtools property defaults active! Set 'spring.devtools.add-properties' to 'false' to disable
2023-03-22 20:50:06.637  INFO 26340 --- [restartedMain] .e.DevToolsPropertyDefaultsPostProcessor : For additional web related logging consider setting the 'logging.level.web' property to 'DEBUG'
2023-03-22 20:50:07.389  INFO 26340 --- [restartedMain] o.s.b.w.embedded.tomcat.TomcatWebServer  : Tomcat initialized with port(s): 8888 (http)
2023-03-22 20:50:07.395  INFO 26340 --- [restartedMain] o.apache.catalina.core.StandardService   : Starting service [Tomcat]
2023-03-22 20:50:07.395  INFO 26340 --- [restartedMain] org.apache.catalina.core.StandardEngine  : Starting Servlet engine: [Apache Tomcat/9.0.65]
2023-03-22 20:50:07.456  INFO 26340 --- [restartedMain] o.a.c.c.C.[Tomcat].[localhost].[/]       : Initializing Spring embedded WebApplicationContext
2023-03-22 20:50:07.456  INFO 26340 --- [restartedMain] w.s.c.ServletWebServerApplicationContext : Root WebApplicationContext: initialization completed in 819 ms
2023-03-22 20:50:07.866  INFO 26340 --- [restartedMain] o.s.b.a.w.s.WelcomePageHandlerMapping    : Adding welcome page template: index
2023-03-22 20:50:07.980  INFO 26340 --- [restartedMain] o.f.c.internal.license.VersionPrinter    : Flyway Community Edition 8.5.13 by Redgate
2023-03-22 20:50:07.981  INFO 26340 --- [restartedMain] o.f.c.internal.license.VersionPrinter    : See what's new here: https://flywaydb.org/documentation/learnmore/releaseNotes#8.5.13
2023-03-22 20:50:07.981  INFO 26340 --- [restartedMain] o.f.c.internal.license.VersionPrinter    : 
2023-03-22 20:50:07.987  INFO 26340 --- [restartedMain] com.zaxxer.hikari.HikariDataSource       : HikariPool-1 - Starting...
2023-03-22 20:50:08.462  INFO 26340 --- [restartedMain] com.zaxxer.hikari.HikariDataSource       : HikariPool-1 - Start completed.
2023-03-22 20:50:08.485  INFO 26340 --- [restartedMain] o.f.c.i.database.base.BaseDatabaseType   : Database: jdbc:mysql://localhost:3306/community (MySQL 8.0)
2023-03-22 20:50:08.534  INFO 26340 --- [restartedMain] o.f.core.internal.command.DbValidate     : Successfully validated 5 migrations (execution time 00:00.022s)
2023-03-22 20:50:08.549  INFO 26340 --- [restartedMain] o.f.core.internal.command.DbMigrate      : Current version of schema `community`: 5
2023-03-22 20:50:08.550  INFO 26340 --- [restartedMain] o.f.core.internal.command.DbMigrate      : Schema `community` is up to date. No migration necessary.
2023-03-22 20:50:08.614  INFO 26340 --- [restartedMain] o.s.b.d.a.OptionalLiveReloadServer       : LiveReload server is running on port 35729
2023-03-22 20:50:08.640  INFO 26340 --- [restartedMain] o.s.b.w.embedded.tomcat.TomcatWebServer  : Tomcat started on port(s): 8888 (http) with context path ''
2023-03-22 20:50:08.649  INFO 26340 --- [restartedMain] c.z.m.MyspringbootApplication            : Started MyspringbootApplication in 2.306 seconds (JVM running for 3.025)
2023-03-22 20:51:05.595  INFO 26340 --- [SpringApplicationShutdownHook] com.zaxxer.hikari.HikariDataSource       : HikariPool-1 - Shutdown initiated...
2023-03-22 20:51:05.604  INFO 26340 --- [SpringApplicationShutdownHook] com.zaxxer.hikari.HikariDataSource       : HikariPool-1 - Shutdown completed.
